build/app/intermediates/manifest_merge_blame_file/debug/manifest-merger-blame-debug-report.txt
1<?xml version="1.0" encoding="utf-8"?>
2<manifest xmlns:android="http://schemas.android.com/apk/res/android"
3    package="com.app.test.dev"
4    android:versionCode="1"
5    android:versionName="4.6.5" >
6
7    <uses-sdk
8        android:minSdkVersion="21"
9        android:targetSdkVersion="34" />
10    <!--
11         Flutter needs it to communicate with the running application
12         to allow setting breakpoints, to provide hot reload, etc.
13    -->
14    <uses-permission android:name="android.permission.INTERNET" />
14-->src/main/AndroidManifest.xml:17:5-66
14-->src/main/AndroidManifest.xml:17:22-64
15
16    <queries>
16-->src/main/AndroidManifest.xml:3:5-5:15
17        <provider android:authorities="com.facebook.katana.provider.PlatformProvider" />
17-->src/main/AndroidManifest.xml:4:9-89
17-->src/main/AndroidManifest.xml:4:19-86
18
19        <intent>
19-->[:twitter_login] AndroidManifest.xml:8:9-10:18
20            <action android:name="android.support.customtabs.action.CustomTabsService" />
20-->[:twitter_login] AndroidManifest.xml:9:13-90
20-->[:twitter_login] AndroidManifest.xml:9:21-87
21        </intent>
22
23        <package android:name="com.facebook.katana" />
23-->[com.facebook.android:facebook-common:14.1.1] AndroidManifest.xml:30:9-55
23-->[com.facebook.android:facebook-common:14.1.1] AndroidManifest.xml:30:18-52
24    </queries>
25
26    <uses-permission android:name="android.permission.ACCESS_NETWORK_STATE" />
26-->[:connectivity_plus] AndroidManifest.xml:7:5-79
26-->[:connectivity_plus] AndroidManifest.xml:7:22-76
27    <uses-permission android:name="android.permission.WAKE_LOCK" /> <!-- Permissions options for the `notification` group -->
27-->[:firebase_analytics] AndroidManifest.xml:9:5-68
27-->[:firebase_analytics] AndroidManifest.xml:9:22-65
28    <uses-permission android:name="android.permission.POST_NOTIFICATIONS" />
28-->[:firebase_messaging] AndroidManifest.xml:11:5-77
28-->[:firebase_messaging] AndroidManifest.xml:11:22-74
29    <uses-permission android:name="android.permission.VIBRATE" /> <!-- Required by older versions of Google Play services to create IID tokens -->
29-->[:flutter_local_notifications] AndroidManifest.xml:7:5-66
29-->[:flutter_local_notifications] AndroidManifest.xml:7:22-63
30    <uses-permission android:name="com.google.android.c2dm.permission.RECEIVE" />
30-->[com.google.firebase:firebase-messaging:23.4.1] AndroidManifest.xml:26:5-82
30-->[com.google.firebase:firebase-messaging:23.4.1] AndroidManifest.xml:26:22-79
31    <uses-permission android:name="com.google.android.gms.permission.AD_ID" />
31-->[com.google.android.gms:play-services-measurement-api:21.6.1] AndroidManifest.xml:25:5-79
31-->[com.google.android.gms:play-services-measurement-api:21.6.1] AndroidManifest.xml:25:22-76
32    <uses-permission android:name="android.permission.ACCESS_ADSERVICES_ATTRIBUTION" />
32-->[com.google.android.gms:play-services-measurement-api:21.6.1] AndroidManifest.xml:26:5-88
32-->[com.google.android.gms:play-services-measurement-api:21.6.1] AndroidManifest.xml:26:22-85
33    <uses-permission android:name="android.permission.ACCESS_ADSERVICES_AD_ID" />
33-->[com.google.android.gms:play-services-measurement-api:21.6.1] AndroidManifest.xml:27:5-82
33-->[com.google.android.gms:play-services-measurement-api:21.6.1] AndroidManifest.xml:27:22-79
34    <uses-permission android:name="com.google.android.finsky.permission.BIND_GET_INSTALL_REFERRER_SERVICE" />
34-->[com.google.android.gms:play-services-measurement:21.6.1] AndroidManifest.xml:26:5-110
34-->[com.google.android.gms:play-services-measurement:21.6.1] AndroidManifest.xml:26:22-107
35    <uses-permission android:name="com.google.android.providers.gsf.permission.READ_GSERVICES" />
35-->[com.google.android.recaptcha:recaptcha:18.4.0] AndroidManifest.xml:9:5-98
35-->[com.google.android.recaptcha:recaptcha:18.4.0] AndroidManifest.xml:9:22-95
36
37    <permission
37-->[androidx.core:core:1.13.1] AndroidManifest.xml:22:5-24:47
38        android:name="com.app.test.dev.DYNAMIC_RECEIVER_NOT_EXPORTED_PERMISSION"
38-->[androidx.core:core:1.13.1] AndroidManifest.xml:23:9-81
39        android:protectionLevel="signature" />
39-->[androidx.core:core:1.13.1] AndroidManifest.xml:24:9-44
40
41    <uses-permission android:name="com.app.test.dev.DYNAMIC_RECEIVER_NOT_EXPORTED_PERMISSION" />
41-->[androidx.core:core:1.13.1] AndroidManifest.xml:26:5-97
41-->[androidx.core:core:1.13.1] AndroidManifest.xml:26:22-94
42
43    <application
43-->src/main/AndroidManifest.xml:18:5-91:19
44        android:appComponentFactory="androidx.core.app.CoreComponentFactory"
44-->[androidx.core:core:1.13.1] AndroidManifest.xml:28:18-86
45        android:debuggable="true"
46        android:extractNativeLibs="true"
47        android:icon="@mipmap/ic_launcher"
47-->src/main/AndroidManifest.xml:22:9-43
48        android:label="@string/app_name"
48-->src/main/AndroidManifest.xml:20:9-41
49        android:requestLegacyExternalStorage="true"
49-->src/main/AndroidManifest.xml:19:9-52
50        android:supportsRtl="true"
50-->[com.facebook.android:facebook-login:14.1.1] AndroidManifest.xml:28:18-44
51        android:usesCleartextTraffic="true" >
51-->src/main/AndroidManifest.xml:21:9-44
52        <activity
52-->src/main/AndroidManifest.xml:23:9-56:20
53            android:name="com.app.test.MainActivity"
53-->src/main/AndroidManifest.xml:25:13-53
54            android:configChanges="orientation|keyboardHidden|keyboard|screenSize|smallestScreenSize|locale|layoutDirection|fontScale|screenLayout|density|uiMode"
54-->src/main/AndroidManifest.xml:28:13-163
55            android:exported="true"
55-->src/main/AndroidManifest.xml:24:13-36
56            android:hardwareAccelerated="true"
56-->src/main/AndroidManifest.xml:29:13-47
57            android:launchMode="singleTop"
57-->src/main/AndroidManifest.xml:26:13-43
58            android:theme="@style/LaunchTheme"
58-->src/main/AndroidManifest.xml:27:13-47
59            android:windowSoftInputMode="adjustResize" >
59-->src/main/AndroidManifest.xml:30:13-55
60
61            <!--
62                 Specifies an Android theme to apply to this Activity as soon as
63                 the Android process has started. This theme is visible to the user
64                 while the Flutter UI initializes. After that, this theme continues
65                 to determine the Window background behind the Flutter UI.
66            -->
67            <meta-data
67-->src/main/AndroidManifest.xml:35:13-38:19
68                android:name="io.flutter.embedding.android.NormalTheme"
68-->src/main/AndroidManifest.xml:36:17-72
69                android:resource="@style/NormalTheme" />
69-->src/main/AndroidManifest.xml:37:17-54
70            <!--
71                 Displays an Android View that continues showing the launch screen
72                 Drawable until Flutter paints its first frame, then this splash
73                 screen fades out. A splash screen is useful to avoid any visual
74                 gap between the end of Android's launch screen and the painting of
75                 Flutter's first frame.
76            -->
77            <meta-data
77-->src/main/AndroidManifest.xml:44:13-47:19
78                android:name="io.flutter.embedding.android.SplashScreenDrawable"
78-->src/main/AndroidManifest.xml:45:17-81
79                android:resource="@drawable/launch_background" />
79-->src/main/AndroidManifest.xml:46:17-63
80
81            <intent-filter>
81-->src/main/AndroidManifest.xml:48:13-51:29
82                <action android:name="android.intent.action.MAIN" />
82-->src/main/AndroidManifest.xml:49:17-68
82-->src/main/AndroidManifest.xml:49:25-66
83
84                <category android:name="android.intent.category.LAUNCHER" />
84-->src/main/AndroidManifest.xml:50:17-76
84-->src/main/AndroidManifest.xml:50:27-74
85            </intent-filter>
86            <intent-filter>
86-->src/main/AndroidManifest.xml:52:13-55:29
87                <action android:name="FLUTTER_NOTIFICATION_CLICK" />
87-->src/main/AndroidManifest.xml:53:17-69
87-->src/main/AndroidManifest.xml:53:25-66
88
89                <category android:name="android.intent.category.DEFAULT" />
89-->src/main/AndroidManifest.xml:54:17-76
89-->src/main/AndroidManifest.xml:54:27-73
90            </intent-filter>
91        </activity>
92        <!--
93             Don't delete the meta-data below.
94             This is used by the Flutter tool to generate GeneratedPluginRegistrant.java
95        -->
96        <meta-data
96-->src/main/AndroidManifest.xml:59:9-72
97            android:name="flutterEmbedding"
97-->src/main/AndroidManifest.xml:59:20-51
98            android:value="2" />
98-->src/main/AndroidManifest.xml:59:52-69
99        <meta-data
99-->src/main/AndroidManifest.xml:61:9-133
100            android:name="com.google.android.gms.ads.APPLICATION_ID"
100-->src/main/AndroidManifest.xml:61:20-76
101            android:value="ca-app-pub-3940256099942544~3347511713" />
101-->src/main/AndroidManifest.xml:61:77-131
102        <meta-data
102-->src/main/AndroidManifest.xml:63:9-107
103            android:name="com.facebook.sdk.ApplicationId"
103-->src/main/AndroidManifest.xml:63:20-65
104            android:value="@string/facebook_app_id" />
104-->src/main/AndroidManifest.xml:63:66-105
105        <meta-data
105-->src/main/AndroidManifest.xml:65:9-111
106            android:name="com.facebook.sdk.ClientToken"
106-->src/main/AndroidManifest.xml:65:20-63
107            android:value="@string/fb_login_client_token" />
107-->src/main/AndroidManifest.xml:65:64-109
108
109        <activity
109-->src/main/AndroidManifest.xml:67:9-70:48
110            android:name="com.facebook.FacebookActivity"
110-->src/main/AndroidManifest.xml:67:19-63
111            android:configChanges="keyboard|keyboardHidden|screenLayout|screenSize|orientation"
111-->src/main/AndroidManifest.xml:68:13-113
112            android:label="@string/app_name"
112-->src/main/AndroidManifest.xml:70:13-45
113            android:theme="@style/com_facebook_activity_theme" />
113-->[com.facebook.android:facebook-common:14.1.1] AndroidManifest.xml:37:13-63
114        <activity
114-->src/main/AndroidManifest.xml:72:9-81:20
115            android:name="com.facebook.CustomTabActivity"
115-->src/main/AndroidManifest.xml:73:13-58
116            android:exported="true" >
116-->src/main/AndroidManifest.xml:74:13-36
117            <intent-filter>
117-->src/main/AndroidManifest.xml:75:13-80:29
118                <action android:name="android.intent.action.VIEW" />
118-->src/main/AndroidManifest.xml:76:17-69
118-->src/main/AndroidManifest.xml:76:25-66
119
120                <category android:name="android.intent.category.DEFAULT" />
120-->src/main/AndroidManifest.xml:54:17-76
120-->src/main/AndroidManifest.xml:54:27-73
121                <category android:name="android.intent.category.BROWSABLE" />
121-->src/main/AndroidManifest.xml:78:17-78
121-->src/main/AndroidManifest.xml:78:27-75
122
123                <data android:scheme="@string/fb_login_protocol_scheme" />
123-->src/main/AndroidManifest.xml:79:17-75
123-->src/main/AndroidManifest.xml:79:23-72
124            </intent-filter>
125            <intent-filter>
125-->[com.facebook.android:facebook-common:14.1.1] AndroidManifest.xml:43:13-52:29
126                <action android:name="android.intent.action.VIEW" />
126-->src/main/AndroidManifest.xml:76:17-69
126-->src/main/AndroidManifest.xml:76:25-66
127
128                <category android:name="android.intent.category.DEFAULT" />
128-->src/main/AndroidManifest.xml:54:17-76
128-->src/main/AndroidManifest.xml:54:27-73
129                <category android:name="android.intent.category.BROWSABLE" />
129-->src/main/AndroidManifest.xml:78:17-78
129-->src/main/AndroidManifest.xml:78:27-75
130
131                <data
131-->src/main/AndroidManifest.xml:79:17-75
132                    android:host="cct.com.app.test.dev"
133                    android:scheme="fbconnect" />
133-->src/main/AndroidManifest.xml:79:23-72
134            </intent-filter>
135        </activity>
136        <!-- <provider -->
137        <!-- android:name="com.pichillilorenzo.flutter_inappwebview.InAppWebViewFileProvider" -->
138        <!-- android:authorities="${applicationId}.flutter_inappwebview.fileprovider" -->
139        <!-- android:exported="false" -->
140        <!-- android:grantUriPermissions="true"> -->
141        <!-- <meta-data -->
142        <!-- android:name="android.support.FILE_PROVIDER_PATHS" -->
143        <!-- android:resource="@xml/provider_paths" /> -->
144        <!-- </provider> -->
145        <service
145-->[:cloud_firestore] AndroidManifest.xml:8:9-12:19
146            android:name="com.google.firebase.components.ComponentDiscoveryService"
146-->[:cloud_firestore] AndroidManifest.xml:8:18-89
147            android:directBootAware="true"
147-->[com.google.firebase:firebase-common:20.4.3] AndroidManifest.xml:32:13-43
148            android:exported="false" >
148-->[com.google.firebase:firebase-firestore:24.11.0] AndroidManifest.xml:16:13-37
149            <meta-data
149-->[:cloud_firestore] AndroidManifest.xml:9:13-11:85
150                android:name="com.google.firebase.components:io.flutter.plugins.firebase.firestore.FlutterFirebaseFirestoreRegistrar"
150-->[:cloud_firestore] AndroidManifest.xml:10:17-134
151                android:value="com.google.firebase.components.ComponentRegistrar" />
151-->[:cloud_firestore] AndroidManifest.xml:11:17-82
152            <meta-data
152-->[:firebase_analytics] AndroidManifest.xml:13:13-15:85
153                android:name="com.google.firebase.components:io.flutter.plugins.firebase.analytics.FlutterFirebaseAppRegistrar"
153-->[:firebase_analytics] AndroidManifest.xml:14:17-128
154                android:value="com.google.firebase.components.ComponentRegistrar" />
154-->[:firebase_analytics] AndroidManifest.xml:15:17-82
155            <meta-data
155-->[:firebase_auth] AndroidManifest.xml:9:13-11:85
156                android:name="com.google.firebase.components:io.flutter.plugins.firebase.auth.FlutterFirebaseAuthRegistrar"
156-->[:firebase_auth] AndroidManifest.xml:10:17-124
157                android:value="com.google.firebase.components.ComponentRegistrar" />
157-->[:firebase_auth] AndroidManifest.xml:11:17-82
158            <meta-data
158-->[:firebase_messaging] AndroidManifest.xml:36:13-38:85
159                android:name="com.google.firebase.components:io.flutter.plugins.firebase.messaging.FlutterFirebaseAppRegistrar"
159-->[:firebase_messaging] AndroidManifest.xml:37:17-128
160                android:value="com.google.firebase.components.ComponentRegistrar" />
160-->[:firebase_messaging] AndroidManifest.xml:38:17-82
161            <meta-data
161-->[:firebase_storage] AndroidManifest.xml:9:13-11:85
162                android:name="com.google.firebase.components:io.flutter.plugins.firebase.storage.FlutterFirebaseAppRegistrar"
162-->[:firebase_storage] AndroidManifest.xml:10:17-126
163                android:value="com.google.firebase.components.ComponentRegistrar" />
163-->[:firebase_storage] AndroidManifest.xml:11:17-82
164            <meta-data
164-->[:firebase_core] AndroidManifest.xml:9:13-11:85
165                android:name="com.google.firebase.components:io.flutter.plugins.firebase.core.FlutterFirebaseCoreRegistrar"
165-->[:firebase_core] AndroidManifest.xml:10:17-124
166                android:value="com.google.firebase.components.ComponentRegistrar" />
166-->[:firebase_core] AndroidManifest.xml:11:17-82
167            <meta-data
167-->[com.google.firebase:firebase-firestore:24.11.0] AndroidManifest.xml:17:13-19:85
168                android:name="com.google.firebase.components:com.google.firebase.firestore.FirebaseFirestoreKtxRegistrar"
168-->[com.google.firebase:firebase-firestore:24.11.0] AndroidManifest.xml:18:17-122
169                android:value="com.google.firebase.components.ComponentRegistrar" />
169-->[com.google.firebase:firebase-firestore:24.11.0] AndroidManifest.xml:19:17-82
170            <meta-data
170-->[com.google.firebase:firebase-firestore:24.11.0] AndroidManifest.xml:20:13-22:85
171                android:name="com.google.firebase.components:com.google.firebase.firestore.FirestoreRegistrar"
171-->[com.google.firebase:firebase-firestore:24.11.0] AndroidManifest.xml:21:17-111
172                android:value="com.google.firebase.components.ComponentRegistrar" />
172-->[com.google.firebase:firebase-firestore:24.11.0] AndroidManifest.xml:22:17-82
173            <meta-data
173-->[com.google.firebase:firebase-auth:22.3.1] AndroidManifest.xml:69:13-71:85
174                android:name="com.google.firebase.components:com.google.firebase.auth.FirebaseAuthRegistrar"
174-->[com.google.firebase:firebase-auth:22.3.1] AndroidManifest.xml:70:17-109
175                android:value="com.google.firebase.components.ComponentRegistrar" />
175-->[com.google.firebase:firebase-auth:22.3.1] AndroidManifest.xml:71:17-82
176            <meta-data
176-->[com.google.firebase:firebase-messaging:23.4.1] AndroidManifest.xml:57:13-59:85
177                android:name="com.google.firebase.components:com.google.firebase.messaging.FirebaseMessagingKtxRegistrar"
177-->[com.google.firebase:firebase-messaging:23.4.1] AndroidManifest.xml:58:17-122
178                android:value="com.google.firebase.components.ComponentRegistrar" />
178-->[com.google.firebase:firebase-messaging:23.4.1] AndroidManifest.xml:59:17-82
179            <meta-data
179-->[com.google.firebase:firebase-messaging:23.4.1] AndroidManifest.xml:60:13-62:85
180                android:name="com.google.firebase.components:com.google.firebase.messaging.FirebaseMessagingRegistrar"
180-->[com.google.firebase:firebase-messaging:23.4.1] AndroidManifest.xml:61:17-119
181                android:value="com.google.firebase.components.ComponentRegistrar" />
181-->[com.google.firebase:firebase-messaging:23.4.1] AndroidManifest.xml:62:17-82
182            <meta-data
182-->[com.google.firebase:firebase-storage:20.3.0] AndroidManifest.xml:30:13-32:85
183                android:name="com.google.firebase.components:com.google.firebase.storage.FirebaseStorageKtxRegistrar"
183-->[com.google.firebase:firebase-storage:20.3.0] AndroidManifest.xml:31:17-118
184                android:value="com.google.firebase.components.ComponentRegistrar" />
184-->[com.google.firebase:firebase-storage:20.3.0] AndroidManifest.xml:32:17-82
185            <meta-data
185-->[com.google.firebase:firebase-storage:20.3.0] AndroidManifest.xml:33:13-35:85
186                android:name="com.google.firebase.components:com.google.firebase.storage.StorageRegistrar"
186-->[com.google.firebase:firebase-storage:20.3.0] AndroidManifest.xml:34:17-107
187                android:value="com.google.firebase.components.ComponentRegistrar" />
187-->[com.google.firebase:firebase-storage:20.3.0] AndroidManifest.xml:35:17-82
188            <meta-data
188-->[com.google.android.gms:play-services-measurement-api:21.6.1] AndroidManifest.xml:37:13-39:85
189                android:name="com.google.firebase.components:com.google.firebase.analytics.connector.internal.AnalyticsConnectorRegistrar"
189-->[com.google.android.gms:play-services-measurement-api:21.6.1] AndroidManifest.xml:38:17-139
190                android:value="com.google.firebase.components.ComponentRegistrar" />
190-->[com.google.android.gms:play-services-measurement-api:21.6.1] AndroidManifest.xml:39:17-82
191            <meta-data
191-->[com.google.firebase:firebase-installations:17.2.0] AndroidManifest.xml:15:13-17:85
192                android:name="com.google.firebase.components:com.google.firebase.installations.FirebaseInstallationsKtxRegistrar"
192-->[com.google.firebase:firebase-installations:17.2.0] AndroidManifest.xml:16:17-130
193                android:value="com.google.firebase.components.ComponentRegistrar" />
193-->[com.google.firebase:firebase-installations:17.2.0] AndroidManifest.xml:17:17-82
194            <meta-data
194-->[com.google.firebase:firebase-installations:17.2.0] AndroidManifest.xml:18:13-20:85
195                android:name="com.google.firebase.components:com.google.firebase.installations.FirebaseInstallationsRegistrar"
195-->[com.google.firebase:firebase-installations:17.2.0] AndroidManifest.xml:19:17-127
196                android:value="com.google.firebase.components.ComponentRegistrar" />
196-->[com.google.firebase:firebase-installations:17.2.0] AndroidManifest.xml:20:17-82
197            <meta-data
197-->[com.google.firebase:firebase-appcheck:17.1.2] AndroidManifest.xml:25:13-27:85
198                android:name="com.google.firebase.components:com.google.firebase.appcheck.FirebaseAppCheckKtxRegistrar"
198-->[com.google.firebase:firebase-appcheck:17.1.2] AndroidManifest.xml:26:17-120
199                android:value="com.google.firebase.components.ComponentRegistrar" />
199-->[com.google.firebase:firebase-appcheck:17.1.2] AndroidManifest.xml:27:17-82
200            <meta-data
200-->[com.google.firebase:firebase-appcheck:17.1.2] AndroidManifest.xml:28:13-30:85
201                android:name="com.google.firebase.components:com.google.firebase.appcheck.FirebaseAppCheckRegistrar"
201-->[com.google.firebase:firebase-appcheck:17.1.2] AndroidManifest.xml:29:17-117
202                android:value="com.google.firebase.components.ComponentRegistrar" />
202-->[com.google.firebase:firebase-appcheck:17.1.2] AndroidManifest.xml:30:17-82
203            <meta-data
203-->[com.google.firebase:firebase-common-ktx:20.4.3] AndroidManifest.xml:12:13-14:85
204                android:name="com.google.firebase.components:com.google.firebase.ktx.FirebaseCommonLegacyRegistrar"
204-->[com.google.firebase:firebase-common-ktx:20.4.3] AndroidManifest.xml:13:17-116
205                android:value="com.google.firebase.components.ComponentRegistrar" />
205-->[com.google.firebase:firebase-common-ktx:20.4.3] AndroidManifest.xml:14:17-82
206            <meta-data
206-->[com.google.firebase:firebase-common:20.4.3] AndroidManifest.xml:35:13-37:85
207                android:name="com.google.firebase.components:com.google.firebase.FirebaseCommonKtxRegistrar"
207-->[com.google.firebase:firebase-common:20.4.3] AndroidManifest.xml:36:17-109
208                android:value="com.google.firebase.components.ComponentRegistrar" />
208-->[com.google.firebase:firebase-common:20.4.3] AndroidManifest.xml:37:17-82
209            <meta-data
209-->[com.google.firebase:firebase-datatransport:18.1.7] AndroidManifest.xml:27:13-29:85
210                android:name="com.google.firebase.components:com.google.firebase.datatransport.TransportRegistrar"
210-->[com.google.firebase:firebase-datatransport:18.1.7] AndroidManifest.xml:28:17-115
211                android:value="com.google.firebase.components.ComponentRegistrar" />
211-->[com.google.firebase:firebase-datatransport:18.1.7] AndroidManifest.xml:29:17-82
212        </service>
213        <service
213-->[:firebase_messaging] AndroidManifest.xml:14:9-17:72
214            android:name="io.flutter.plugins.firebase.messaging.FlutterFirebaseMessagingBackgroundService"
214-->[:firebase_messaging] AndroidManifest.xml:15:13-107
215            android:exported="false"
215-->[:firebase_messaging] AndroidManifest.xml:16:13-37
216            android:permission="android.permission.BIND_JOB_SERVICE" />
216-->[:firebase_messaging] AndroidManifest.xml:17:13-69
217        <service
217-->[:firebase_messaging] AndroidManifest.xml:18:9-24:19
218            android:name="io.flutter.plugins.firebase.messaging.FlutterFirebaseMessagingService"
218-->[:firebase_messaging] AndroidManifest.xml:19:13-97
219            android:exported="false" >
219-->[:firebase_messaging] AndroidManifest.xml:20:13-37
220            <intent-filter>
220-->[:firebase_messaging] AndroidManifest.xml:21:13-23:29
221                <action android:name="com.google.firebase.MESSAGING_EVENT" />
221-->[:firebase_messaging] AndroidManifest.xml:22:17-78
221-->[:firebase_messaging] AndroidManifest.xml:22:25-75
222            </intent-filter>
223        </service>
224
225        <receiver
225-->[:firebase_messaging] AndroidManifest.xml:26:9-33:20
226            android:name="io.flutter.plugins.firebase.messaging.FlutterFirebaseMessagingReceiver"
226-->[:firebase_messaging] AndroidManifest.xml:27:13-98
227            android:exported="true"
227-->[:firebase_messaging] AndroidManifest.xml:28:13-36
228            android:permission="com.google.android.c2dm.permission.SEND" >
228-->[:firebase_messaging] AndroidManifest.xml:29:13-73
229            <intent-filter>
229-->[:firebase_messaging] AndroidManifest.xml:30:13-32:29
230                <action android:name="com.google.android.c2dm.intent.RECEIVE" />
230-->[:firebase_messaging] AndroidManifest.xml:31:17-81
230-->[:firebase_messaging] AndroidManifest.xml:31:25-78
231            </intent-filter>
232        </receiver>
233
234        <provider
234-->[:firebase_messaging] AndroidManifest.xml:41:9-45:38
235            android:name="io.flutter.plugins.firebase.messaging.FlutterFirebaseMessagingInitProvider"
235-->[:firebase_messaging] AndroidManifest.xml:42:13-102
236            android:authorities="com.app.test.dev.flutterfirebasemessaginginitprovider"
236-->[:firebase_messaging] AndroidManifest.xml:43:13-88
237            android:exported="false"
237-->[:firebase_messaging] AndroidManifest.xml:44:13-37
238            android:initOrder="99" />
238-->[:firebase_messaging] AndroidManifest.xml:45:13-35
239
240        <activity android:name="com.maru.twitter_login.chrome_custom_tabs.ChromeCustomTabsActivity" />
240-->[:twitter_login] AndroidManifest.xml:14:9-103
240-->[:twitter_login] AndroidManifest.xml:14:19-100
241        <activity
241-->[com.google.firebase:firebase-auth:22.3.1] AndroidManifest.xml:29:9-46:20
242            android:name="com.google.firebase.auth.internal.GenericIdpActivity"
242-->[com.google.firebase:firebase-auth:22.3.1] AndroidManifest.xml:30:13-80
243            android:excludeFromRecents="true"
243-->[com.google.firebase:firebase-auth:22.3.1] AndroidManifest.xml:31:13-46
244            android:exported="true"
244-->[com.google.firebase:firebase-auth:22.3.1] AndroidManifest.xml:32:13-36
245            android:launchMode="singleTask"
245-->[com.google.firebase:firebase-auth:22.3.1] AndroidManifest.xml:33:13-44
246            android:theme="@android:style/Theme.Translucent.NoTitleBar" >
246-->[com.google.firebase:firebase-auth:22.3.1] AndroidManifest.xml:34:13-72
247            <intent-filter>
247-->[com.google.firebase:firebase-auth:22.3.1] AndroidManifest.xml:35:13-45:29
248                <action android:name="android.intent.action.VIEW" />
248-->src/main/AndroidManifest.xml:76:17-69
248-->src/main/AndroidManifest.xml:76:25-66
249
250                <category android:name="android.intent.category.DEFAULT" />
250-->src/main/AndroidManifest.xml:54:17-76
250-->src/main/AndroidManifest.xml:54:27-73
251                <category android:name="android.intent.category.BROWSABLE" />
251-->src/main/AndroidManifest.xml:78:17-78
251-->src/main/AndroidManifest.xml:78:27-75
252
253                <data
253-->src/main/AndroidManifest.xml:79:17-75
254                    android:host="firebase.auth"
255                    android:path="/"
256                    android:scheme="genericidp" />
256-->src/main/AndroidManifest.xml:79:23-72
257            </intent-filter>
258        </activity>
259        <activity
259-->[com.google.firebase:firebase-auth:22.3.1] AndroidManifest.xml:47:9-64:20
260            android:name="com.google.firebase.auth.internal.RecaptchaActivity"
260-->[com.google.firebase:firebase-auth:22.3.1] AndroidManifest.xml:48:13-79
261            android:excludeFromRecents="true"
261-->[com.google.firebase:firebase-auth:22.3.1] AndroidManifest.xml:49:13-46
262            android:exported="true"
262-->[com.google.firebase:firebase-auth:22.3.1] AndroidManifest.xml:50:13-36
263            android:launchMode="singleTask"
263-->[com.google.firebase:firebase-auth:22.3.1] AndroidManifest.xml:51:13-44
264            android:theme="@android:style/Theme.Translucent.NoTitleBar" >
264-->[com.google.firebase:firebase-auth:22.3.1] AndroidManifest.xml:52:13-72
265            <intent-filter>
265-->[com.google.firebase:firebase-auth:22.3.1] AndroidManifest.xml:53:13-63:29
266                <action android:name="android.intent.action.VIEW" />
266-->src/main/AndroidManifest.xml:76:17-69
266-->src/main/AndroidManifest.xml:76:25-66
267
268                <category android:name="android.intent.category.DEFAULT" />
268-->src/main/AndroidManifest.xml:54:17-76
268-->src/main/AndroidManifest.xml:54:27-73
269                <category android:name="android.intent.category.BROWSABLE" />
269-->src/main/AndroidManifest.xml:78:17-78
269-->src/main/AndroidManifest.xml:78:27-75
270
271                <data
271-->src/main/AndroidManifest.xml:79:17-75
272                    android:host="firebase.auth"
273                    android:path="/"
274                    android:scheme="recaptcha" />
274-->src/main/AndroidManifest.xml:79:23-72
275            </intent-filter>
276        </activity>
277
278        <receiver
278-->[com.google.firebase:firebase-messaging:23.4.1] AndroidManifest.xml:29:9-40:20
279            android:name="com.google.firebase.iid.FirebaseInstanceIdReceiver"
279-->[com.google.firebase:firebase-messaging:23.4.1] AndroidManifest.xml:30:13-78
280            android:exported="true"
280-->[com.google.firebase:firebase-messaging:23.4.1] AndroidManifest.xml:31:13-36
281            android:permission="com.google.android.c2dm.permission.SEND" >
281-->[com.google.firebase:firebase-messaging:23.4.1] AndroidManifest.xml:32:13-73
282            <intent-filter>
282-->[:firebase_messaging] AndroidManifest.xml:30:13-32:29
283                <action android:name="com.google.android.c2dm.intent.RECEIVE" />
283-->[:firebase_messaging] AndroidManifest.xml:31:17-81
283-->[:firebase_messaging] AndroidManifest.xml:31:25-78